Excute.cpp(93,15): warning : illegal character encoding in string literal [-Winvalid-source-encoding]
Excute.cpp(94,15): warning : illegal character encoding in string literal [-Winvalid-source-encoding]
Excute.cpp(95,17): warning : illegal character encoding in string literal [-Winvalid-source-encoding]
Excute.cpp(111,28): warning : illegal character encoding in string literal [-Winvalid-source-encoding]
Excute.cpp(112,13): warning : illegal character encoding in string literal [-Winvalid-source-encoding]
Excute.cpp(128,15): warning : illegal character encoding in string literal [-Winvalid-source-encoding]
Excute.cpp(129,15): warning : illegal character encoding in string literal [-Winvalid-source-encoding]
Excute.cpp(130,17): warning : illegal character encoding in string literal [-Winvalid-source-encoding]
Excute.cpp(146,28): warning : illegal character encoding in string literal [-Winvalid-source-encoding]
Excute.cpp(147,13): warning : illegal character encoding in string literal [-Winvalid-source-encoding]
Excute.cpp(162,12): warning : illegal character encoding in string literal [-Winvalid-source-encoding]
Excute.cpp(163,15): warning : illegal character encoding in string literal [-Winvalid-source-encoding]
Excute.cpp(164,15): warning : illegal character encoding in string literal [-Winvalid-source-encoding]
Excute.cpp(165,15): warning : illegal character encoding in string literal [-Winvalid-source-encoding]
Excute.cpp(166,17): warning : illegal character encoding in string literal [-Winvalid-source-encoding]
Excute.cpp(180,14): warning : illegal character encoding in string literal [-Winvalid-source-encoding]
Excute.cpp(186,13): warning : illegal character encoding in string literal [-Winvalid-source-encoding]
Excute.cpp(198,14): warning : illegal character encoding in string literal [-Winvalid-source-encoding]
Excute.cpp(202,14): warning : illegal character encoding in string literal [-Winvalid-source-encoding]
Excute.cpp(237,28): warning : illegal character encoding in string literal [-Winvalid-source-encoding]
Excute.cpp(238,13): warning : illegal character encoding in string literal [-Winvalid-source-encoding]
Excute.cpp(264,12): warning : illegal character encoding in string literal [-Winvalid-source-encoding]
Excute.cpp(282,13): warning : illegal character encoding in string literal [-Winvalid-source-encoding]
Excute.cpp(293,9): warning : using the result of an assignment as a condition without parentheses [-Wparentheses]
Excute.cpp(293,9): message : place parentheses around the assignment to silence this warning
Excute.cpp(293,9): message : use '==' to turn this assignment into an equality comparison
Excute.cpp(296,13): warning : illegal character encoding in string literal [-Winvalid-source-encoding]
Excute.cpp(306,13): warning : illegal character encoding in string literal [-Winvalid-source-encoding]
Excute.cpp(327,12): warning : illegal character encoding in string literal [-Winvalid-source-encoding]
Excute.cpp(345,19): warning : illegal character encoding in string literal [-Winvalid-source-encoding]
Excute.cpp(366,12): warning : illegal character encoding in string literal [-Winvalid-source-encoding]
Excute.cpp(400,40): warning : illegal character encoding in string literal [-Winvalid-source-encoding]
Excute.cpp(403,10): warning : expression result unused [-Wunused-value]
Excute.cpp(419,24): warning : illegal character encoding in string literal [-Winvalid-source-encoding]
Excute.cpp(422,10): warning : expression result unused [-Wunused-value]
Excute.cpp(466,11): warning : illegal character encoding in string literal [-Winvalid-source-encoding]
Excute.cpp(484,18): warning : illegal character encoding in string literal [-Winvalid-source-encoding]
Excute.cpp(490,12): warning : illegal character encoding in string literal [-Winvalid-source-encoding]
Excute.cpp(530,12): warning : illegal character encoding in string literal [-Winvalid-source-encoding]
Excute.cpp(535,13): warning : illegal character encoding in string literal [-Winvalid-source-encoding]
Excute.cpp(552,20): warning : illegal character encoding in string literal [-Winvalid-source-encoding]
Excute.cpp(558,14): warning : illegal character encoding in string literal [-Winvalid-source-encoding]
Excute.cpp(566,15): warning : illegal character encoding in string literal [-Winvalid-source-encoding]
Excute.cpp(573,11): warning : illegal character encoding in string literal [-Winvalid-source-encoding]
Excute.cpp(619,13): warning : illegal character encoding in string literal [-Winvalid-source-encoding]
Excute.cpp(634,13): warning : illegal character encoding in string literal [-Winvalid-source-encoding]
Excute.cpp(647,34): warning : illegal character encoding in string literal [-Winvalid-source-encoding]
Excute.cpp(665,35): warning : illegal character encoding in string literal [-Winvalid-source-encoding]
Excute.cpp(635,8): warning : unused variable 'postnum' [-Wunused-variable]
Excute.cpp(679,13): warning : illegal character encoding in string literal [-Winvalid-source-encoding]
Excute.cpp(691,12): warning : illegal character encoding in string literal [-Winvalid-source-encoding]
Excute.cpp(698,12): warning : illegal character encoding in string literal [-Winvalid-source-encoding]
Excute.cpp(704,12): warning : illegal character encoding in string literal [-Winvalid-source-encoding]
Excute.cpp(713,13): warning : illegal character encoding in string literal [-Winvalid-source-encoding]
Excute.cpp(718,13): warning : illegal character encoding in string literal [-Winvalid-source-encoding]
Excute.cpp(718,42): warning : illegal character encoding in string literal [-Winvalid-source-encoding]
Excute.cpp(727,16): warning : illegal character encoding in string literal [-Winvalid-source-encoding]
Excute.cpp(731,23): warning : illegal character encoding in string literal [-Winvalid-source-encoding]
Excute.cpp(748,12): warning : illegal character encoding in string literal [-Winvalid-source-encoding]
Excute.cpp(764,13): warning : illegal character encoding in string literal [-Winvalid-source-encoding]
Excute.cpp(789,13): warning : illegal character encoding in string literal [-Winvalid-source-encoding]
Excute.cpp(798,12): warning : illegal character encoding in string literal [-Winvalid-source-encoding]
Excute.cpp(252,6): warning : variable 'Month' set but not used [-Wunused-but-set-variable]
Excute.cpp(523,11): warning : variable 'rechoice' is used uninitialized whenever 'if' condition is false [-Wsometimes-uninitialized]
Excute.cpp(528,6): message : uninitialized use occurs here
Excute.cpp(523,7): message : remove the 'if' if its condition is always true
Excute.cpp(497,15): message : initialize the variable 'rechoice' to silence this warning
Excute.cpp(890,15): warning : illegal character encoding in string literal [-Winvalid-source-encoding]
Excute.cpp(904,24): warning : illegal character encoding in string literal [-Winvalid-source-encoding]
Excute.cpp(858,6): warning : unused variable 'linecount' [-Wunused-variable]
Excute.cpp(940,11): warning : illegal character encoding in string literal [-Winvalid-source-encoding]
Excute.cpp(960,12): warning : illegal character encoding in string literal [-Winvalid-source-encoding]
Excute.cpp(1068,6): warning : unused variable 'returndate' [-Wunused-variable]
Excute.cpp(1211,11): warning : illegal character encoding in string literal [-Winvalid-source-encoding]
Excute.cpp(1130,6): warning : unused variable 'lastday' [-Wunused-variable]
Excute.cpp(1134,6): warning : unused variable 'count' [-Wunused-variable]
Excute.cpp(1230,6): warning : unused variable 'lastday' [-Wunused-variable]
Excute.cpp(28,11): warning : unused variable 'DATEMAX' [-Wunused-const-variable]
  Calendar.vcxproj -> C:\Users\propo\OneDrive\바탕 화면\새 폴더 (3)\Calendar_TeamProject\x64\Debug\Calendar.exe
